INFO:root:One Hot Encoding make, model, fueltype columns... 
DEBUG:root:dataframe columns: 
 Index(['year', 'mileage', 'engineCapacity', 'cylinders', 'abarth', 'alfa',
       'aston', 'audi', 'bentley', 'bmw',
       ...
       'xsara', 'yaris', 'yeti', 'z4', 'zafira', 'zt', 'benzina', 'diesel',
       'electric', 'hibrid'],
      dtype='object', length=553) 

DEBUG:root:encoded dataset row: 
 year               2019
mileage           19700
engineCapacity      998
cylinders             3
abarth                0
                  ...  
zt                    0
benzina               1
diesel                0
electric              0
hibrid                0
Name: 0, Length: 553, dtype: int64 

DEBUG:root:encoded dataset row: 
 year                2013
mileage           200000
engineCapacity      1968
cylinders              4
abarth                 0
                   ...  
zt                     0
benzina                0
diesel                 1
electric               0
hibrid                 0
Name: 0, Length: 553, dtype: int64 

